{"C:\\Users\\RANSFORD\\OneDrive\\Desktop\\projects-sels\\mE-app\\backend\\controllers\\authController.js": {"path":"C:\\Users\\RANSFORD\\OneDrive\\Desktop\\projects-sels\\mE-app\\backend\\controllers\\authController.js","statementMap":{"0":{"start":{"line":8,"column":24},"end":{"line":51,"column":1}},"1":{"start":{"line":9,"column":2},"end":{"line":50,"column":3}},"2":{"start":{"line":10,"column":45},"end":{"line":10,"column":53}},"3":{"start":{"line":13,"column":17},"end":{"line":18,"column":6}},"4":{"start":{"line":21,"column":24},"end":{"line":21,"column":62}},"5":{"start":{"line":22,"column":25},"end":{"line":22,"column":64}},"6":{"start":{"line":25,"column":4},"end":{"line":25,"column":64}},"7":{"start":{"line":28,"column":4},"end":{"line":28,"column":40}},"8":{"start":{"line":30,"column":4},"end":{"line":40,"column":7}},"9":{"start":{"line":42,"column":4},"end":{"line":48,"column":5}},"10":{"start":{"line":43,"column":6},"end":{"line":47,"column":9}},"11":{"start":{"line":49,"column":4},"end":{"line":49,"column":16}},"12":{"start":{"line":57,"column":21},"end":{"line":105,"column":1}},"13":{"start":{"line":58,"column":2},"end":{"line":104,"column":3}},"14":{"start":{"line":59,"column":32},"end":{"line":59,"column":40}},"15":{"start":{"line":62,"column":17},"end":{"line":62,"column":46}},"16":{"start":{"line":63,"column":4},"end":{"line":69,"column":5}},"17":{"start":{"line":64,"column":6},"end":{"line":68,"column":9}},"18":{"start":{"line":72,"column":28},"end":{"line":72,"column":83}},"19":{"start":{"line":73,"column":4},"end":{"line":79,"column":5}},"20":{"start":{"line":74,"column":6},"end":{"line":78,"column":9}},"21":{"start":{"line":82,"column":24},"end":{"line":82,"column":62}},"22":{"start":{"line":83,"column":25},"end":{"line":83,"column":64}},"23":{"start":{"line":86,"column":4},"end":{"line":86,"column":64}},"24":{"start":{"line":89,"column":4},"end":{"line":89,"column":40}},"25":{"start":{"line":91,"column":4},"end":{"line":101,"column":7}},"26":{"start":{"line":103,"column":4},"end":{"line":103,"column":16}},"27":{"start":{"line":111,"column":22},"end":{"line":126,"column":1}},"28":{"start":{"line":112,"column":2},"end":{"line":125,"column":3}},"29":{"start":{"line":113,"column":29},"end":{"line":113,"column":37}},"30":{"start":{"line":115,"column":4},"end":{"line":118,"column":5}},"31":{"start":{"line":117,"column":6},"end":{"line":117,"column":58}},"32":{"start":{"line":120,"column":4},"end":{"line":122,"column":7}},"33":{"start":{"line":124,"column":4},"end":{"line":124,"column":16}},"34":{"start":{"line":132,"column":30},"end":{"line":159,"column":1}},"35":{"start":{"line":133,"column":2},"end":{"line":158,"column":3}},"36":{"start":{"line":135,"column":17},"end":{"line":135,"column":49}},"37":{"start":{"line":137,"column":4},"end":{"line":143,"column":5}},"38":{"start":{"line":138,"column":6},"end":{"line":142,"column":9}},"39":{"start":{"line":145,"column":4},"end":{"line":155,"column":7}},"40":{"start":{"line":157,"column":4},"end":{"line":157,"column":16}},"41":{"start":{"line":165,"column":34},"end":{"line":217,"column":1}},"42":{"start":{"line":166,"column":2},"end":{"line":216,"column":3}},"43":{"start":{"line":167,"column":29},"end":{"line":167,"column":37}},"44":{"start":{"line":171,"column":4},"end":{"line":179,"column":5}},"45":{"start":{"line":172,"column":6},"end":{"line":172,"column":62}},"46":{"start":{"line":174,"column":6},"end":{"line":178,"column":9}},"47":{"start":{"line":182,"column":22},"end":{"line":182,"column":75}},"48":{"start":{"line":184,"column":4},"end":{"line":190,"column":5}},"49":{"start":{"line":185,"column":6},"end":{"line":189,"column":9}},"50":{"start":{"line":193,"column":17},"end":{"line":193,"column":48}},"51":{"start":{"line":194,"column":4},"end":{"line":200,"column":5}},"52":{"start":{"line":195,"column":6},"end":{"line":199,"column":9}},"53":{"start":{"line":203,"column":24},"end":{"line":203,"column":62}},"54":{"start":{"line":205,"column":4},"end":{"line":213,"column":7}},"55":{"start":{"line":215,"column":4},"end":{"line":215,"column":16}}},"fnMap":{"0":{"name":"(anonymous_0)","decl":{"start":{"line":8,"column":24},"end":{"line":8,"column":25}},"loc":{"start":{"line":8,"column":50},"end":{"line":51,"column":1}},"line":8},"1":{"name":"(anonymous_1)","decl":{"start":{"line":57,"column":21},"end":{"line":57,"column":22}},"loc":{"start":{"line":57,"column":47},"end":{"line":105,"column":1}},"line":57},"2":{"name":"(anonymous_2)","decl":{"start":{"line":111,"column":22},"end":{"line":111,"column":23}},"loc":{"start":{"line":111,"column":48},"end":{"line":126,"column":1}},"line":111},"3":{"name":"(anonymous_3)","decl":{"start":{"line":132,"column":30},"end":{"line":132,"column":31}},"loc":{"start":{"line":132,"column":56},"end":{"line":159,"column":1}},"line":132},"4":{"name":"(anonymous_4)","decl":{"start":{"line":165,"column":34},"end":{"line":165,"column":35}},"loc":{"start":{"line":165,"column":60},"end":{"line":217,"column":1}},"line":165}},"branchMap":{"0":{"loc":{"start":{"line":42,"column":4},"end":{"line":48,"column":5}},"type":"if","locations":[{"start":{"line":42,"column":4},"end":{"line":48,"column":5}},{"start":{},"end":{}}],"line":42},"1":{"loc":{"start":{"line":63,"column":4},"end":{"line":69,"column":5}},"type":"if","locations":[{"start":{"line":63,"column":4},"end":{"line":69,"column":5}},{"start":{},"end":{}}],"line":63},"2":{"loc":{"start":{"line":73,"column":4},"end":{"line":79,"column":5}},"type":"if","locations":[{"start":{"line":73,"column":4},"end":{"line":79,"column":5}},{"start":{},"end":{}}],"line":73},"3":{"loc":{"start":{"line":115,"column":4},"end":{"line":118,"column":5}},"type":"if","locations":[{"start":{"line":115,"column":4},"end":{"line":118,"column":5}},{"start":{},"end":{}}],"line":115},"4":{"loc":{"start":{"line":137,"column":4},"end":{"line":143,"column":5}},"type":"if","locations":[{"start":{"line":137,"column":4},"end":{"line":143,"column":5}},{"start":{},"end":{}}],"line":137},"5":{"loc":{"start":{"line":184,"column":4},"end":{"line":190,"column":5}},"type":"if","locations":[{"start":{"line":184,"column":4},"end":{"line":190,"column":5}},{"start":{},"end":{}}],"line":184},"6":{"loc":{"start":{"line":194,"column":4},"end":{"line":200,"column":5}},"type":"if","locations":[{"start":{"line":194,"column":4},"end":{"line":200,"column":5}},{"start":{},"end":{}}],"line":194}},"s":{"0":0,"1":0,"2":0,"3":0,"4":0,"5":0,"6":0,"7":0,"8":0,"9":0,"10":0,"11":0,"12":0,"13":0,"14":0,"15":0,"16":0,"17":0,"18":0,"19":0,"20":0,"21":0,"22":0,"23":0,"24":0,"25":0,"26":0,"27":0,"28":0,"29":0,"30":0,"31":0,"32":0,"33":0,"34":0,"35":0,"36":0,"37":0,"38":0,"39":0,"40":0,"41":0,"42":0,"43":0,"44":0,"45":0,"46":0,"47":0,"48":0,"49":0,"50":0,"51":0,"52":0,"53":0,"54":0,"55":0},"f":{"0":0,"1":0,"2":0,"3":0,"4":0},"b":{"0":[0,0],"1":[0,0],"2":[0,0],"3":[0,0],"4":[0,0],"5":[0,0],"6":[0,0]},"inputSourceMap":null}
,"C:\\Users\\RANSFORD\\OneDrive\\Desktop\\projects-sels\\mE-app\\backend\\middleware\\auth.js": {"path":"C:\\Users\\RANSFORD\\OneDrive\\Desktop\\projects-sels\\mE-app\\backend\\middleware\\auth.js","statementMap":{"0":{"start":{"line":3,"column":19},"end":{"line":3,"column":92}},"1":{"start":{"line":9,"column":33},"end":{"line":57,"column":1}},"2":{"start":{"line":11,"column":21},"end":{"line":11,"column":49}},"3":{"start":{"line":12,"column":16},"end":{"line":12,"column":54}},"4":{"start":{"line":14,"column":2},"end":{"line":20,"column":3}},"5":{"start":{"line":15,"column":4},"end":{"line":19,"column":7}},"6":{"start":{"line":22,"column":2},"end":{"line":56,"column":3}},"7":{"start":{"line":24,"column":20},"end":{"line":24,"column":49}},"8":{"start":{"line":27,"column":4},"end":{"line":31,"column":6}},"9":{"start":{"line":33,"column":4},"end":{"line":33,"column":11}},"10":{"start":{"line":35,"column":4},"end":{"line":41,"column":5}},"11":{"start":{"line":36,"column":6},"end":{"line":40,"column":9}},"12":{"start":{"line":43,"column":4},"end":{"line":49,"column":5}},"13":{"start":{"line":44,"column":6},"end":{"line":48,"column":9}},"14":{"start":{"line":51,"column":4},"end":{"line":55,"column":7}},"15":{"start":{"line":63,"column":27},"end":{"line":83,"column":1}},"16":{"start":{"line":64,"column":2},"end":{"line":82,"column":4}},"17":{"start":{"line":65,"column":4},"end":{"line":71,"column":5}},"18":{"start":{"line":66,"column":6},"end":{"line":70,"column":9}},"19":{"start":{"line":73,"column":4},"end":{"line":79,"column":5}},"20":{"start":{"line":74,"column":6},"end":{"line":78,"column":9}},"21":{"start":{"line":81,"column":4},"end":{"line":81,"column":11}},"22":{"start":{"line":88,"column":28},"end":{"line":88,"column":50}},"23":{"start":{"line":93,"column":33},"end":{"line":93,"column":69}},"24":{"start":{"line":98,"column":30},"end":{"line":98,"column":77}},"25":{"start":{"line":103,"column":28},"end":{"line":124,"column":1}},"26":{"start":{"line":104,"column":21},"end":{"line":104,"column":49}},"27":{"start":{"line":105,"column":16},"end":{"line":105,"column":54}},"28":{"start":{"line":107,"column":2},"end":{"line":109,"column":3}},"29":{"start":{"line":108,"column":4},"end":{"line":108,"column":18}},"30":{"start":{"line":111,"column":2},"end":{"line":121,"column":3}},"31":{"start":{"line":112,"column":20},"end":{"line":112,"column":49}},"32":{"start":{"line":113,"column":4},"end":{"line":117,"column":6}},"33":{"start":{"line":120,"column":4},"end":{"line":120,"column":57}},"34":{"start":{"line":123,"column":2},"end":{"line":123,"column":9}}},"fnMap":{"0":{"name":"(anonymous_0)","decl":{"start":{"line":9,"column":33},"end":{"line":9,"column":34}},"loc":{"start":{"line":9,"column":53},"end":{"line":57,"column":1}},"line":9},"1":{"name":"(anonymous_1)","decl":{"start":{"line":63,"column":27},"end":{"line":63,"column":28}},"loc":{"start":{"line":63,"column":38},"end":{"line":83,"column":1}},"line":63},"2":{"name":"(anonymous_2)","decl":{"start":{"line":64,"column":9},"end":{"line":64,"column":10}},"loc":{"start":{"line":64,"column":29},"end":{"line":82,"column":3}},"line":64},"3":{"name":"(anonymous_3)","decl":{"start":{"line":103,"column":28},"end":{"line":103,"column":29}},"loc":{"start":{"line":103,"column":48},"end":{"line":124,"column":1}},"line":103}},"branchMap":{"0":{"loc":{"start":{"line":3,"column":19},"end":{"line":3,"column":92}},"type":"binary-expr","locations":[{"start":{"line":3,"column":19},"end":{"line":3,"column":41}},{"start":{"line":3,"column":45},"end":{"line":3,"column":92}}],"line":3},"1":{"loc":{"start":{"line":12,"column":16},"end":{"line":12,"column":54}},"type":"binary-expr","locations":[{"start":{"line":12,"column":16},"end":{"line":12,"column":26}},{"start":{"line":12,"column":30},"end":{"line":12,"column":54}}],"line":12},"2":{"loc":{"start":{"line":14,"column":2},"end":{"line":20,"column":3}},"type":"if","locations":[{"start":{"line":14,"column":2},"end":{"line":20,"column":3}},{"start":{},"end":{}}],"line":14},"3":{"loc":{"start":{"line":35,"column":4},"end":{"line":41,"column":5}},"type":"if","locations":[{"start":{"line":35,"column":4},"end":{"line":41,"column":5}},{"start":{},"end":{}}],"line":35},"4":{"loc":{"start":{"line":43,"column":4},"end":{"line":49,"column":5}},"type":"if","locations":[{"start":{"line":43,"column":4},"end":{"line":49,"column":5}},{"start":{},"end":{}}],"line":43},"5":{"loc":{"start":{"line":65,"column":4},"end":{"line":71,"column":5}},"type":"if","locations":[{"start":{"line":65,"column":4},"end":{"line":71,"column":5}},{"start":{},"end":{}}],"line":65},"6":{"loc":{"start":{"line":73,"column":4},"end":{"line":79,"column":5}},"type":"if","locations":[{"start":{"line":73,"column":4},"end":{"line":79,"column":5}},{"start":{},"end":{}}],"line":73},"7":{"loc":{"start":{"line":105,"column":16},"end":{"line":105,"column":54}},"type":"binary-expr","locations":[{"start":{"line":105,"column":16},"end":{"line":105,"column":26}},{"start":{"line":105,"column":30},"end":{"line":105,"column":54}}],"line":105},"8":{"loc":{"start":{"line":107,"column":2},"end":{"line":109,"column":3}},"type":"if","locations":[{"start":{"line":107,"column":2},"end":{"line":109,"column":3}},{"start":{},"end":{}}],"line":107}},"s":{"0":0,"1":0,"2":0,"3":0,"4":0,"5":0,"6":0,"7":0,"8":0,"9":0,"10":0,"11":0,"12":0,"13":0,"14":0,"15":0,"16":0,"17":0,"18":0,"19":0,"20":0,"21":0,"22":0,"23":0,"24":0,"25":0,"26":0,"27":0,"28":0,"29":0,"30":0,"31":0,"32":0,"33":0,"34":0},"f":{"0":0,"1":0,"2":0,"3":0},"b":{"0":[0,0],"1":[0,0],"2":[0,0],"3":[0,0],"4":[0,0],"5":[0,0],"6":[0,0],"7":[0,0],"8":[0,0]},"inputSourceMap":null}
,"C:\\Users\\RANSFORD\\OneDrive\\Desktop\\projects-sels\\mE-app\\backend\\middleware\\errorHandler.js": {"path":"C:\\Users\\RANSFORD\\OneDrive\\Desktop\\projects-sels\\mE-app\\backend\\middleware\\errorHandler.js","statementMap":{"0":{"start":{"line":4,"column":4},"end":{"line":4,"column":19}},"1":{"start":{"line":5,"column":4},"end":{"line":5,"column":33}},"2":{"start":{"line":6,"column":4},"end":{"line":6,"column":21}},"3":{"start":{"line":7,"column":4},"end":{"line":7,"column":23}},"4":{"start":{"line":8,"column":4},"end":{"line":8,"column":27}},"5":{"start":{"line":13,"column":28},"end":{"line":75,"column":1}},"6":{"start":{"line":14,"column":2},"end":{"line":14,"column":31}},"7":{"start":{"line":17,"column":2},"end":{"line":24,"column":3}},"8":{"start":{"line":18,"column":4},"end":{"line":23,"column":7}},"9":{"start":{"line":27,"column":2},"end":{"line":34,"column":3}},"10":{"start":{"line":28,"column":4},"end":{"line":33,"column":7}},"11":{"start":{"line":37,"column":2},"end":{"line":43,"column":3}},"12":{"start":{"line":38,"column":4},"end":{"line":42,"column":7}},"13":{"start":{"line":45,"column":2},"end":{"line":51,"column":3}},"14":{"start":{"line":46,"column":4},"end":{"line":50,"column":7}},"15":{"start":{"line":54,"column":2},"end":{"line":61,"column":3}},"16":{"start":{"line":56,"column":4},"end":{"line":60,"column":7}},"17":{"start":{"line":64,"column":21},"end":{"line":64,"column":42}},"18":{"start":{"line":65,"column":18},"end":{"line":67,"column":17}},"19":{"start":{"line":69,"column":2},"end":{"line":74,"column":5}},"20":{"start":{"line":78,"column":31},"end":{"line":85,"column":1}},"21":{"start":{"line":79,"column":2},"end":{"line":84,"column":5}},"22":{"start":{"line":88,"column":28},"end":{"line":90,"column":1}},"23":{"start":{"line":88,"column":36},"end":{"line":90,"column":1}},"24":{"start":{"line":89,"column":2},"end":{"line":89,"column":50}}},"fnMap":{"0":{"name":"(anonymous_0)","decl":{"start":{"line":3,"column":2},"end":{"line":3,"column":3}},"loc":{"start":{"line":3,"column":80},"end":{"line":9,"column":3}},"line":3},"1":{"name":"(anonymous_1)","decl":{"start":{"line":13,"column":28},"end":{"line":13,"column":29}},"loc":{"start":{"line":13,"column":53},"end":{"line":75,"column":1}},"line":13},"2":{"name":"(anonymous_2)","decl":{"start":{"line":78,"column":31},"end":{"line":78,"column":32}},"loc":{"start":{"line":78,"column":45},"end":{"line":85,"column":1}},"line":78},"3":{"name":"(anonymous_3)","decl":{"start":{"line":88,"column":28},"end":{"line":88,"column":29}},"loc":{"start":{"line":88,"column":36},"end":{"line":90,"column":1}},"line":88},"4":{"name":"(anonymous_4)","decl":{"start":{"line":88,"column":36},"end":{"line":88,"column":37}},"loc":{"start":{"line":88,"column":56},"end":{"line":90,"column":1}},"line":88}},"branchMap":{"0":{"loc":{"start":{"line":3,"column":23},"end":{"line":3,"column":39}},"type":"default-arg","locations":[{"start":{"line":3,"column":36},"end":{"line":3,"column":39}}],"line":3},"1":{"loc":{"start":{"line":3,"column":41},"end":{"line":3,"column":64}},"type":"default-arg","locations":[{"start":{"line":3,"column":48},"end":{"line":3,"column":64}}],"line":3},"2":{"loc":{"start":{"line":3,"column":66},"end":{"line":3,"column":78}},"type":"default-arg","locations":[{"start":{"line":3,"column":74},"end":{"line":3,"column":78}}],"line":3},"3":{"loc":{"start":{"line":17,"column":2},"end":{"line":24,"column":3}},"type":"if","locations":[{"start":{"line":17,"column":2},"end":{"line":24,"column":3}},{"start":{},"end":{}}],"line":17},"4":{"loc":{"start":{"line":27,"column":2},"end":{"line":34,"column":3}},"type":"if","locations":[{"start":{"line":27,"column":2},"end":{"line":34,"column":3}},{"start":{},"end":{}}],"line":27},"5":{"loc":{"start":{"line":37,"column":2},"end":{"line":43,"column":3}},"type":"if","locations":[{"start":{"line":37,"column":2},"end":{"line":43,"column":3}},{"start":{},"end":{}}],"line":37},"6":{"loc":{"start":{"line":45,"column":2},"end":{"line":51,"column":3}},"type":"if","locations":[{"start":{"line":45,"column":2},"end":{"line":51,"column":3}},{"start":{},"end":{}}],"line":45},"7":{"loc":{"start":{"line":54,"column":2},"end":{"line":61,"column":3}},"type":"if","locations":[{"start":{"line":54,"column":2},"end":{"line":61,"column":3}},{"start":{},"end":{}}],"line":54},"8":{"loc":{"start":{"line":54,"column":6},"end":{"line":54,"column":43}},"type":"binary-expr","locations":[{"start":{"line":54,"column":6},"end":{"line":54,"column":14}},{"start":{"line":54,"column":18},"end":{"line":54,"column":43}}],"line":54},"9":{"loc":{"start":{"line":64,"column":21},"end":{"line":64,"column":42}},"type":"binary-expr","locations":[{"start":{"line":64,"column":21},"end":{"line":64,"column":35}},{"start":{"line":64,"column":39},"end":{"line":64,"column":42}}],"line":64},"10":{"loc":{"start":{"line":65,"column":18},"end":{"line":67,"column":17}},"type":"cond-expr","locations":[{"start":{"line":66,"column":6},"end":{"line":66,"column":29}},{"start":{"line":67,"column":6},"end":{"line":67,"column":17}}],"line":65},"11":{"loc":{"start":{"line":73,"column":8},"end":{"line":73,"column":70}},"type":"binary-expr","locations":[{"start":{"line":73,"column":8},"end":{"line":73,"column":46}},{"start":{"line":73,"column":50},"end":{"line":73,"column":70}}],"line":73}},"s":{"0":0,"1":0,"2":0,"3":0,"4":0,"5":0,"6":0,"7":0,"8":0,"9":0,"10":0,"11":0,"12":0,"13":0,"14":0,"15":0,"16":0,"17":0,"18":0,"19":0,"20":0,"21":0,"22":0,"23":0,"24":0},"f":{"0":0,"1":0,"2":0,"3":0,"4":0},"b":{"0":[0],"1":[0],"2":[0],"3":[0,0],"4":[0,0],"5":[0,0],"6":[0,0],"7":[0,0],"8":[0,0],"9":[0,0],"10":[0,0],"11":[0,0]},"inputSourceMap":null}
,"C:\\Users\\RANSFORD\\OneDrive\\Desktop\\projects-sels\\mE-app\\backend\\middleware\\validation.js": {"path":"C:\\Users\\RANSFORD\\OneDrive\\Desktop\\projects-sels\\mE-app\\backend\\middleware\\validation.js","statementMap":{"0":{"start":{"line":6,"column":24},"end":{"line":20,"column":1}},"1":{"start":{"line":7,"column":17},"end":{"line":7,"column":38}},"2":{"start":{"line":8,"column":2},"end":{"line":18,"column":3}},"3":{"start":{"line":9,"column":4},"end":{"line":17,"column":7}},"4":{"start":{"line":14,"column":8},"end":{"line":14,"column":32}},"5":{"start":{"line":15,"column":8},"end":{"line":15,"column":19}},"6":{"start":{"line":19,"column":2},"end":{"line":19,"column":9}},"7":{"start":{"line":25,"column":34},"end":{"line":43,"column":1}},"8":{"start":{"line":48,"column":31},"end":{"line":58,"column":1}},"9":{"start":{"line":63,"column":38},"end":{"line":68,"column":1}}},"fnMap":{"0":{"name":"(anonymous_0)","decl":{"start":{"line":6,"column":24},"end":{"line":6,"column":25}},"loc":{"start":{"line":6,"column":44},"end":{"line":20,"column":1}},"line":6},"1":{"name":"(anonymous_1)","decl":{"start":{"line":13,"column":36},"end":{"line":13,"column":37}},"loc":{"start":{"line":13,"column":50},"end":{"line":16,"column":7}},"line":13}},"branchMap":{"0":{"loc":{"start":{"line":8,"column":2},"end":{"line":18,"column":3}},"type":"if","locations":[{"start":{"line":8,"column":2},"end":{"line":18,"column":3}},{"start":{},"end":{}}],"line":8}},"s":{"0":1,"1":21,"2":21,"3":15,"4":18,"5":18,"6":6,"7":1,"8":1,"9":1},"f":{"0":21,"1":18},"b":{"0":[15,6]},"inputSourceMap":null,"_coverageSchema":"1a1c01bbd47fc00a2c39e90264f33305004495a9","hash":"63c775ada0e261779b9b3df016b2fbbf4603fe4a"}
,"C:\\Users\\RANSFORD\\OneDrive\\Desktop\\projects-sels\\mE-app\\backend\\models\\User.js": {"path":"C:\\Users\\RANSFORD\\OneDrive\\Desktop\\projects-sels\\mE-app\\backend\\models\\User.js","statementMap":{"0":{"start":{"line":5,"column":20},"end":{"line":5,"column":22}},"1":{"start":{"line":10,"column":19},"end":{"line":12,"column":1}},"2":{"start":{"line":11,"column":2},"end":{"line":11,"column":41}},"3":{"start":{"line":26,"column":25},"end":{"line":26,"column":65}},"4":{"start":{"line":27,"column":15},"end":{"line":27,"column":27}},"5":{"start":{"line":29,"column":16},"end":{"line":32,"column":5}},"6":{"start":{"line":34,"column":19},"end":{"line":34,"column":91}},"7":{"start":{"line":36,"column":4},"end":{"line":46,"column":5}},"8":{"start":{"line":37,"column":6},"end":{"line":37,"column":25}},"9":{"start":{"line":40,"column":6},"end":{"line":40,"column":31}},"10":{"start":{"line":42,"column":6},"end":{"line":44,"column":7}},"11":{"start":{"line":43,"column":8},"end":{"line":43,"column":48}},"12":{"start":{"line":45,"column":6},"end":{"line":45,"column":18}},"13":{"start":{"line":55,"column":16},"end":{"line":59,"column":5}},"14":{"start":{"line":61,"column":4},"end":{"line":61,"column":55}},"15":{"start":{"line":70,"column":16},"end":{"line":74,"column":5}},"16":{"start":{"line":76,"column":4},"end":{"line":76,"column":31}},"17":{"start":{"line":86,"column":4},"end":{"line":86,"column":57}},"18":{"start":{"line":95,"column":16},"end":{"line":99,"column":5}},"19":{"start":{"line":101,"column":4},"end":{"line":101,"column":25}},"20":{"start":{"line":111,"column":26},"end":{"line":111,"column":60}},"21":{"start":{"line":112,"column":19},"end":{"line":112,"column":21}},"22":{"start":{"line":113,"column":19},"end":{"line":113,"column":21}},"23":{"start":{"line":115,"column":4},"end":{"line":120,"column":7}},"24":{"start":{"line":116,"column":6},"end":{"line":119,"column":7}},"25":{"start":{"line":117,"column":8},"end":{"line":117,"column":34}},"26":{"start":{"line":118,"column":8},"end":{"line":118,"column":34}},"27":{"start":{"line":122,"column":4},"end":{"line":124,"column":5}},"28":{"start":{"line":123,"column":6},"end":{"line":123,"column":51}},"29":{"start":{"line":126,"column":4},"end":{"line":126,"column":24}},"30":{"start":{"line":128,"column":16},"end":{"line":132,"column":5}},"31":{"start":{"line":134,"column":4},"end":{"line":134,"column":23}},"32":{"start":{"line":135,"column":4},"end":{"line":135,"column":33}},"33":{"start":{"line":144,"column":16},"end":{"line":144,"column":48}},"34":{"start":{"line":145,"column":19},"end":{"line":145,"column":39}},"35":{"start":{"line":146,"column":4},"end":{"line":146,"column":31}},"36":{"start":{"line":157,"column":16},"end":{"line":162,"column":5}},"37":{"start":{"line":164,"column":19},"end":{"line":164,"column":46}},"38":{"start":{"line":165,"column":4},"end":{"line":165,"column":23}},"39":{"start":{"line":173,"column":16},"end":{"line":173,"column":53}},"40":{"start":{"line":174,"column":19},"end":{"line":174,"column":32}},"41":{"start":{"line":175,"column":4},"end":{"line":175,"column":24}}},"fnMap":{"0":{"name":"(anonymous_0)","decl":{"start":{"line":10,"column":19},"end":{"line":10,"column":20}},"loc":{"start":{"line":10,"column":25},"end":{"line":12,"column":1}},"line":10},"1":{"name":"(anonymous_1)","decl":{"start":{"line":24,"column":2},"end":{"line":24,"column":3}},"loc":{"start":{"line":24,"column":71},"end":{"line":47,"column":3}},"line":24},"2":{"name":"(anonymous_2)","decl":{"start":{"line":54,"column":2},"end":{"line":54,"column":3}},"loc":{"start":{"line":54,"column":34},"end":{"line":62,"column":3}},"line":54},"3":{"name":"(anonymous_3)","decl":{"start":{"line":69,"column":2},"end":{"line":69,"column":3}},"loc":{"start":{"line":69,"column":28},"end":{"line":77,"column":3}},"line":69},"4":{"name":"(anonymous_4)","decl":{"start":{"line":85,"column":2},"end":{"line":85,"column":3}},"loc":{"start":{"line":85,"column":61},"end":{"line":87,"column":3}},"line":85},"5":{"name":"(anonymous_5)","decl":{"start":{"line":94,"column":2},"end":{"line":94,"column":3}},"loc":{"start":{"line":94,"column":39},"end":{"line":102,"column":3}},"line":94},"6":{"name":"(anonymous_6)","decl":{"start":{"line":110,"column":2},"end":{"line":110,"column":3}},"loc":{"start":{"line":110,"column":39},"end":{"line":136,"column":3}},"line":110},"7":{"name":"(anonymous_7)","decl":{"start":{"line":115,"column":33},"end":{"line":115,"column":34}},"loc":{"start":{"line":115,"column":42},"end":{"line":120,"column":5}},"line":115},"8":{"name":"(anonymous_8)","decl":{"start":{"line":143,"column":2},"end":{"line":143,"column":3}},"loc":{"start":{"line":143,"column":30},"end":{"line":147,"column":3}},"line":143},"9":{"name":"(anonymous_9)","decl":{"start":{"line":156,"column":2},"end":{"line":156,"column":3}},"loc":{"start":{"line":156,"column":56},"end":{"line":166,"column":3}},"line":156},"10":{"name":"(anonymous_10)","decl":{"start":{"line":172,"column":2},"end":{"line":172,"column":3}},"loc":{"start":{"line":172,"column":23},"end":{"line":176,"column":3}},"line":172}},"branchMap":{"0":{"loc":{"start":{"line":24,"column":54},"end":{"line":24,"column":67}},"type":"default-arg","locations":[{"start":{"line":24,"column":61},"end":{"line":24,"column":67}}],"line":24},"1":{"loc":{"start":{"line":42,"column":6},"end":{"line":44,"column":7}},"type":"if","locations":[{"start":{"line":42,"column":6},"end":{"line":44,"column":7}},{"start":{},"end":{}}],"line":42},"2":{"loc":{"start":{"line":116,"column":6},"end":{"line":119,"column":7}},"type":"if","locations":[{"start":{"line":116,"column":6},"end":{"line":119,"column":7}},{"start":{},"end":{}}],"line":116},"3":{"loc":{"start":{"line":122,"column":4},"end":{"line":124,"column":5}},"type":"if","locations":[{"start":{"line":122,"column":4},"end":{"line":124,"column":5}},{"start":{},"end":{}}],"line":122},"4":{"loc":{"start":{"line":156,"column":23},"end":{"line":156,"column":54}},"type":"default-arg","locations":[{"start":{"line":156,"column":52},"end":{"line":156,"column":54}}],"line":156},"5":{"loc":{"start":{"line":156,"column":25},"end":{"line":156,"column":35}},"type":"default-arg","locations":[{"start":{"line":156,"column":33},"end":{"line":156,"column":35}}],"line":156},"6":{"loc":{"start":{"line":156,"column":37},"end":{"line":156,"column":47}},"type":"default-arg","locations":[{"start":{"line":156,"column":46},"end":{"line":156,"column":47}}],"line":156}},"s":{"0":0,"1":0,"2":0,"3":0,"4":0,"5":0,"6":0,"7":0,"8":0,"9":0,"10":0,"11":0,"12":0,"13":0,"14":0,"15":0,"16":0,"17":0,"18":0,"19":0,"20":0,"21":0,"22":0,"23":0,"24":0,"25":0,"26":0,"27":0,"28":0,"29":0,"30":0,"31":0,"32":0,"33":0,"34":0,"35":0,"36":0,"37":0,"38":0,"39":0,"40":0,"41":0},"f":{"0":0,"1":0,"2":0,"3":0,"4":0,"5":0,"6":0,"7":0,"8":0,"9":0,"10":0},"b":{"0":[0],"1":[0,0],"2":[0,0],"3":[0,0],"4":[0],"5":[0],"6":[0]},"inputSourceMap":null}
,"C:\\Users\\RANSFORD\\OneDrive\\Desktop\\projects-sels\\mE-app\\backend\\utils\\tokenManager.js": {"path":"C:\\Users\\RANSFORD\\OneDrive\\Desktop\\projects-sels\\mE-app\\backend\\utils\\tokenManager.js","statementMap":{"0":{"start":{"line":5,"column":19},"end":{"line":5,"column":92}},"1":{"start":{"line":6,"column":27},"end":{"line":6,"column":116}},"2":{"start":{"line":7,"column":23},"end":{"line":7,"column":58}},"3":{"start":{"line":8,"column":31},"end":{"line":8,"column":73}},"4":{"start":{"line":13,"column":19},"end":{"line":15,"column":1}},"5":{"start":{"line":14,"column":2},"end":{"line":14,"column":41}},"6":{"start":{"line":27,"column":4},"end":{"line":36,"column":6}},"7":{"start":{"line":45,"column":4},"end":{"line":53,"column":6}},"8":{"start":{"line":63,"column":4},"end":{"line":63,"column":41}},"9":{"start":{"line":73,"column":4},"end":{"line":73,"column":49}},"10":{"start":{"line":83,"column":15},"end":{"line":83,"column":27}},"11":{"start":{"line":84,"column":22},"end":{"line":84,"column":32}},"12":{"start":{"line":85,"column":4},"end":{"line":85,"column":47}},"13":{"start":{"line":87,"column":16},"end":{"line":90,"column":5}},"14":{"start":{"line":92,"column":4},"end":{"line":92,"column":61}},"15":{"start":{"line":101,"column":16},"end":{"line":105,"column":5}},"16":{"start":{"line":107,"column":19},"end":{"line":107,"column":38}},"17":{"start":{"line":108,"column":4},"end":{"line":108,"column":31}},"18":{"start":{"line":117,"column":16},"end":{"line":121,"column":5}},"19":{"start":{"line":123,"column":19},"end":{"line":123,"column":39}},"20":{"start":{"line":124,"column":4},"end":{"line":124,"column":27}},"21":{"start":{"line":133,"column":16},"end":{"line":137,"column":5}},"22":{"start":{"line":139,"column":22},"end":{"line":139,"column":44}},"23":{"start":{"line":141,"column":4},"end":{"line":143,"column":5}},"24":{"start":{"line":142,"column":6},"end":{"line":142,"column":18}},"25":{"start":{"line":146,"column":4},"end":{"line":148,"column":5}},"26":{"start":{"line":147,"column":6},"end":{"line":147,"column":18}},"27":{"start":{"line":151,"column":4},"end":{"line":153,"column":5}},"28":{"start":{"line":152,"column":6},"end":{"line":152,"column":18}},"29":{"start":{"line":155,"column":4},"end":{"line":155,"column":21}},"30":{"start":{"line":163,"column":16},"end":{"line":166,"column":5}},"31":{"start":{"line":168,"column":19},"end":{"line":168,"column":29}},"32":{"start":{"line":169,"column":4},"end":{"line":169,"column":27}},"33":{"start":{"line":178,"column":16},"end":{"line":183,"column":5}},"34":{"start":{"line":185,"column":19},"end":{"line":185,"column":39}},"35":{"start":{"line":186,"column":4},"end":{"line":186,"column":23}}},"fnMap":{"0":{"name":"(anonymous_0)","decl":{"start":{"line":13,"column":19},"end":{"line":13,"column":20}},"loc":{"start":{"line":13,"column":25},"end":{"line":15,"column":1}},"line":13},"1":{"name":"(anonymous_1)","decl":{"start":{"line":26,"column":2},"end":{"line":26,"column":3}},"loc":{"start":{"line":26,"column":35},"end":{"line":37,"column":3}},"line":26},"2":{"name":"(anonymous_2)","decl":{"start":{"line":44,"column":2},"end":{"line":44,"column":3}},"loc":{"start":{"line":44,"column":36},"end":{"line":54,"column":3}},"line":44},"3":{"name":"(anonymous_3)","decl":{"start":{"line":62,"column":2},"end":{"line":62,"column":3}},"loc":{"start":{"line":62,"column":34},"end":{"line":64,"column":3}},"line":62},"4":{"name":"(anonymous_4)","decl":{"start":{"line":72,"column":2},"end":{"line":72,"column":3}},"loc":{"start":{"line":72,"column":35},"end":{"line":74,"column":3}},"line":72},"5":{"name":"(anonymous_5)","decl":{"start":{"line":82,"column":2},"end":{"line":82,"column":3}},"loc":{"start":{"line":82,"column":48},"end":{"line":93,"column":3}},"line":82},"6":{"name":"(anonymous_6)","decl":{"start":{"line":100,"column":2},"end":{"line":100,"column":3}},"loc":{"start":{"line":100,"column":41},"end":{"line":109,"column":3}},"line":100},"7":{"name":"(anonymous_7)","decl":{"start":{"line":116,"column":2},"end":{"line":116,"column":3}},"loc":{"start":{"line":116,"column":43},"end":{"line":125,"column":3}},"line":116},"8":{"name":"(anonymous_8)","decl":{"start":{"line":132,"column":2},"end":{"line":132,"column":3}},"loc":{"start":{"line":132,"column":43},"end":{"line":156,"column":3}},"line":132},"9":{"name":"(anonymous_9)","decl":{"start":{"line":162,"column":2},"end":{"line":162,"column":3}},"loc":{"start":{"line":162,"column":38},"end":{"line":170,"column":3}},"line":162},"10":{"name":"(anonymous_10)","decl":{"start":{"line":177,"column":2},"end":{"line":177,"column":3}},"loc":{"start":{"line":177,"column":43},"end":{"line":187,"column":3}},"line":177}},"branchMap":{"0":{"loc":{"start":{"line":5,"column":19},"end":{"line":5,"column":92}},"type":"binary-expr","locations":[{"start":{"line":5,"column":19},"end":{"line":5,"column":41}},{"start":{"line":5,"column":45},"end":{"line":5,"column":92}}],"line":5},"1":{"loc":{"start":{"line":6,"column":27},"end":{"line":6,"column":116}},"type":"binary-expr","locations":[{"start":{"line":6,"column":27},"end":{"line":6,"column":57}},{"start":{"line":6,"column":61},"end":{"line":6,"column":116}}],"line":6},"2":{"loc":{"start":{"line":7,"column":23},"end":{"line":7,"column":58}},"type":"binary-expr","locations":[{"start":{"line":7,"column":23},"end":{"line":7,"column":49}},{"start":{"line":7,"column":53},"end":{"line":7,"column":58}}],"line":7},"3":{"loc":{"start":{"line":8,"column":31},"end":{"line":8,"column":73}},"type":"binary-expr","locations":[{"start":{"line":8,"column":31},"end":{"line":8,"column":65}},{"start":{"line":8,"column":69},"end":{"line":8,"column":73}}],"line":8},"4":{"loc":{"start":{"line":141,"column":4},"end":{"line":143,"column":5}},"type":"if","locations":[{"start":{"line":141,"column":4},"end":{"line":143,"column":5}},{"start":{},"end":{}}],"line":141},"5":{"loc":{"start":{"line":146,"column":4},"end":{"line":148,"column":5}},"type":"if","locations":[{"start":{"line":146,"column":4},"end":{"line":148,"column":5}},{"start":{},"end":{}}],"line":146},"6":{"loc":{"start":{"line":151,"column":4},"end":{"line":153,"column":5}},"type":"if","locations":[{"start":{"line":151,"column":4},"end":{"line":153,"column":5}},{"start":{},"end":{}}],"line":151}},"s":{"0":0,"1":0,"2":0,"3":0,"4":0,"5":0,"6":0,"7":0,"8":0,"9":0,"10":0,"11":0,"12":0,"13":0,"14":0,"15":0,"16":0,"17":0,"18":0,"19":0,"20":0,"21":0,"22":0,"23":0,"24":0,"25":0,"26":0,"27":0,"28":0,"29":0,"30":0,"31":0,"32":0,"33":0,"34":0,"35":0},"f":{"0":0,"1":0,"2":0,"3":0,"4":0,"5":0,"6":0,"7":0,"8":0,"9":0,"10":0},"b":{"0":[0,0],"1":[0,0],"2":[0,0],"3":[0,0],"4":[0,0],"5":[0,0],"6":[0,0]},"inputSourceMap":null}
}
