TN:
SF:controllers\authController.js
FN:8,(anonymous_0)
FN:57,(anonymous_1)
FN:111,(anonymous_2)
FN:132,(anonymous_3)
FN:165,(anonymous_4)
FNF:5
FNH:0
FNDA:0,(anonymous_0)
FNDA:0,(anonymous_1)
FNDA:0,(anonymous_2)
FNDA:0,(anonymous_3)
FNDA:0,(anonymous_4)
DA:8,0
DA:9,0
DA:10,0
DA:13,0
DA:21,0
DA:22,0
DA:25,0
DA:28,0
DA:30,0
DA:42,0
DA:43,0
DA:49,0
DA:57,0
DA:58,0
DA:59,0
DA:62,0
DA:63,0
DA:64,0
DA:72,0
DA:73,0
DA:74,0
DA:82,0
DA:83,0
DA:86,0
DA:89,0
DA:91,0
DA:103,0
DA:111,0
DA:112,0
DA:113,0
DA:115,0
DA:117,0
DA:120,0
DA:124,0
DA:132,0
DA:133,0
DA:135,0
DA:137,0
DA:138,0
DA:145,0
DA:157,0
DA:165,0
DA:166,0
DA:167,0
DA:171,0
DA:172,0
DA:174,0
DA:182,0
DA:184,0
DA:185,0
DA:193,0
DA:194,0
DA:195,0
DA:203,0
DA:205,0
DA:215,0
LF:56
LH:0
BRDA:42,0,0,0
BRDA:42,0,1,0
BRDA:63,1,0,0
BRDA:63,1,1,0
BRDA:73,2,0,0
BRDA:73,2,1,0
BRDA:115,3,0,0
BRDA:115,3,1,0
BRDA:137,4,0,0
BRDA:137,4,1,0
BRDA:184,5,0,0
BRDA:184,5,1,0
BRDA:194,6,0,0
BRDA:194,6,1,0
BRF:14
BRH:0
end_of_record
TN:
SF:middleware\auth.js
FN:9,(anonymous_0)
FN:63,(anonymous_1)
FN:64,(anonymous_2)
FN:103,(anonymous_3)
FNF:4
FNH:0
FNDA:0,(anonymous_0)
FNDA:0,(anonymous_1)
FNDA:0,(anonymous_2)
FNDA:0,(anonymous_3)
DA:3,0
DA:9,0
DA:11,0
DA:12,0
DA:14,0
DA:15,0
DA:22,0
DA:24,0
DA:27,0
DA:33,0
DA:35,0
DA:36,0
DA:43,0
DA:44,0
DA:51,0
DA:63,0
DA:64,0
DA:65,0
DA:66,0
DA:73,0
DA:74,0
DA:81,0
DA:88,0
DA:93,0
DA:98,0
DA:103,0
DA:104,0
DA:105,0
DA:107,0
DA:108,0
DA:111,0
DA:112,0
DA:113,0
DA:120,0
DA:123,0
LF:35
LH:0
BRDA:3,0,0,0
BRDA:3,0,1,0
BRDA:12,1,0,0
BRDA:12,1,1,0
BRDA:14,2,0,0
BRDA:14,2,1,0
BRDA:35,3,0,0
BRDA:35,3,1,0
BRDA:43,4,0,0
BRDA:43,4,1,0
BRDA:65,5,0,0
BRDA:65,5,1,0
BRDA:73,6,0,0
BRDA:73,6,1,0
BRDA:105,7,0,0
BRDA:105,7,1,0
BRDA:107,8,0,0
BRDA:107,8,1,0
BRF:18
BRH:0
end_of_record
TN:
SF:middleware\errorHandler.js
FN:3,(anonymous_0)
FN:13,(anonymous_1)
FN:78,(anonymous_2)
FN:88,(anonymous_3)
FN:88,(anonymous_4)
FNF:5
FNH:0
FNDA:0,(anonymous_0)
FNDA:0,(anonymous_1)
FNDA:0,(anonymous_2)
FNDA:0,(anonymous_3)
FNDA:0,(anonymous_4)
DA:4,0
DA:5,0
DA:6,0
DA:7,0
DA:8,0
DA:13,0
DA:14,0
DA:17,0
DA:18,0
DA:27,0
DA:28,0
DA:37,0
DA:38,0
DA:45,0
DA:46,0
DA:54,0
DA:56,0
DA:64,0
DA:65,0
DA:69,0
DA:78,0
DA:79,0
DA:88,0
DA:89,0
LF:24
LH:0
BRDA:3,0,0,0
BRDA:3,1,0,0
BRDA:3,2,0,0
BRDA:17,3,0,0
BRDA:17,3,1,0
BRDA:27,4,0,0
BRDA:27,4,1,0
BRDA:37,5,0,0
BRDA:37,5,1,0
BRDA:45,6,0,0
BRDA:45,6,1,0
BRDA:54,7,0,0
BRDA:54,7,1,0
BRDA:54,8,0,0
BRDA:54,8,1,0
BRDA:64,9,0,0
BRDA:64,9,1,0
BRDA:65,10,0,0
BRDA:65,10,1,0
BRDA:73,11,0,0
BRDA:73,11,1,0
BRF:21
BRH:0
end_of_record
TN:
SF:middleware\validation.js
FN:6,(anonymous_0)
FN:13,(anonymous_1)
FNF:2
FNH:2
FNDA:21,(anonymous_0)
FNDA:18,(anonymous_1)
DA:6,1
DA:7,21
DA:8,21
DA:9,15
DA:14,18
DA:15,18
DA:19,6
DA:25,1
DA:48,1
DA:63,1
LF:10
LH:10
BRDA:8,0,0,15
BRDA:8,0,1,6
BRF:2
BRH:2
end_of_record
TN:
SF:models\User.js
FN:10,(anonymous_0)
FN:24,(anonymous_1)
FN:54,(anonymous_2)
FN:69,(anonymous_3)
FN:85,(anonymous_4)
FN:94,(anonymous_5)
FN:110,(anonymous_6)
FN:115,(anonymous_7)
FN:143,(anonymous_8)
FN:156,(anonymous_9)
FN:172,(anonymous_10)
FNF:11
FNH:0
FNDA:0,(anonymous_0)
FNDA:0,(anonymous_1)
FNDA:0,(anonymous_2)
FNDA:0,(anonymous_3)
FNDA:0,(anonymous_4)
FNDA:0,(anonymous_5)
FNDA:0,(anonymous_6)
FNDA:0,(anonymous_7)
FNDA:0,(anonymous_8)
FNDA:0,(anonymous_9)
FNDA:0,(anonymous_10)
DA:5,0
DA:10,0
DA:11,0
DA:26,0
DA:27,0
DA:29,0
DA:34,0
DA:36,0
DA:37,0
DA:40,0
DA:42,0
DA:43,0
DA:45,0
DA:55,0
DA:61,0
DA:70,0
DA:76,0
DA:86,0
DA:95,0
DA:101,0
DA:111,0
DA:112,0
DA:113,0
DA:115,0
DA:116,0
DA:117,0
DA:118,0
DA:122,0
DA:123,0
DA:126,0
DA:128,0
DA:134,0
DA:135,0
DA:144,0
DA:145,0
DA:146,0
DA:157,0
DA:164,0
DA:165,0
DA:173,0
DA:174,0
DA:175,0
LF:42
LH:0
BRDA:24,0,0,0
BRDA:42,1,0,0
BRDA:42,1,1,0
BRDA:116,2,0,0
BRDA:116,2,1,0
BRDA:122,3,0,0
BRDA:122,3,1,0
BRDA:156,4,0,0
BRDA:156,5,0,0
BRDA:156,6,0,0
BRF:10
BRH:0
end_of_record
TN:
SF:utils\tokenManager.js
FN:13,(anonymous_0)
FN:26,(anonymous_1)
FN:44,(anonymous_2)
FN:62,(anonymous_3)
FN:72,(anonymous_4)
FN:82,(anonymous_5)
FN:100,(anonymous_6)
FN:116,(anonymous_7)
FN:132,(anonymous_8)
FN:162,(anonymous_9)
FN:177,(anonymous_10)
FNF:11
FNH:0
FNDA:0,(anonymous_0)
FNDA:0,(anonymous_1)
FNDA:0,(anonymous_2)
FNDA:0,(anonymous_3)
FNDA:0,(anonymous_4)
FNDA:0,(anonymous_5)
FNDA:0,(anonymous_6)
FNDA:0,(anonymous_7)
FNDA:0,(anonymous_8)
FNDA:0,(anonymous_9)
FNDA:0,(anonymous_10)
DA:5,0
DA:6,0
DA:7,0
DA:8,0
DA:13,0
DA:14,0
DA:27,0
DA:45,0
DA:63,0
DA:73,0
DA:83,0
DA:84,0
DA:85,0
DA:87,0
DA:92,0
DA:101,0
DA:107,0
DA:108,0
DA:117,0
DA:123,0
DA:124,0
DA:133,0
DA:139,0
DA:141,0
DA:142,0
DA:146,0
DA:147,0
DA:151,0
DA:152,0
DA:155,0
DA:163,0
DA:168,0
DA:169,0
DA:178,0
DA:185,0
DA:186,0
LF:36
LH:0
BRDA:5,0,0,0
BRDA:5,0,1,0
BRDA:6,1,0,0
BRDA:6,1,1,0
BRDA:7,2,0,0
BRDA:7,2,1,0
BRDA:8,3,0,0
BRDA:8,3,1,0
BRDA:141,4,0,0
BRDA:141,4,1,0
BRDA:146,5,0,0
BRDA:146,5,1,0
BRDA:151,6,0,0
BRDA:151,6,1,0
BRF:14
BRH:0
end_of_record
